2023-08-31 19:26:33.862 [main] INFO  io.github.vino42.SpringbootRedisApplication - Starting SpringbootRedisApplication using Java 17.0.2 with PID 6392 (G:\Codes\SpringBoot-Learning\springboot-redis\target\classes started by vino in G:\Codes\SpringBoot-Learning\springboot-redis)
2023-08-31 19:26:33.864 [main] INFO  io.github.vino42.SpringbootRedisApplication - No active profile set, falling back to 1 default profile: "default"
2023-08-31 19:26:34.586 [main] INFO  o.s.d.r.config.RepositoryConfigurationDelegate - Multiple Spring Data modules found, entering strict repository configuration mode
2023-08-31 19:26:34.589 [main] INFO  o.s.d.r.config.RepositoryConfigurationDelegate - Bootstrapping Spring Data Redis repositories in DEFAULT mode.
2023-08-31 19:26:34.626 [main] INFO  o.s.d.r.config.RepositoryConfigurationDelegate - Finished Spring Data repository scanning in 5 ms. Found 0 Redis repository interfaces.
2023-08-31 19:26:35.178 [main] INFO  o.s.boot.web.embedded.tomcat.TomcatWebServer - Tomcat initialized with port(s): 8898 (http)
2023-08-31 19:26:35.188 [main] INFO  org.apache.coyote.http11.Http11NioProtocol - Initializing ProtocolHandler ["http-nio-8898"]
2023-08-31 19:26:35.190 [main] INFO  org.apache.catalina.core.StandardService - Starting service [Tomcat]
2023-08-31 19:26:35.191 [main] INFO  org.apache.catalina.core.StandardEngine - Starting Servlet engine: [Apache Tomcat/10.1.12]
2023-08-31 19:26:35.303 [main] INFO  o.a.c.core.ContainerBase.[Tomcat].[localhost].[/] - Initializing Spring embedded WebApplicationContext
2023-08-31 19:26:35.304 [main] INFO  o.s.b.w.s.c.ServletWebServerApplicationContext - Root WebApplicationContext: initialization completed in 1382 ms
2023-08-31 19:26:35.695 [main] INFO  org.apache.catalina.core.StandardService - Stopping service [Tomcat]
2023-08-31 19:27:41.668 [main] INFO  io.github.vino42.SpringbootRedisApplication - Starting SpringbootRedisApplication using Java 17.0.2 with PID 14420 (G:\Codes\SpringBoot-Learning\springboot-redis\target\classes started by vino in G:\Codes\SpringBoot-Learning\springboot-redis)
2023-08-31 19:27:41.670 [main] INFO  io.github.vino42.SpringbootRedisApplication - No active profile set, falling back to 1 default profile: "default"
2023-08-31 19:27:42.263 [main] INFO  o.s.d.r.config.RepositoryConfigurationDelegate - Multiple Spring Data modules found, entering strict repository configuration mode
2023-08-31 19:27:42.265 [main] INFO  o.s.d.r.config.RepositoryConfigurationDelegate - Bootstrapping Spring Data Redis repositories in DEFAULT mode.
2023-08-31 19:27:42.296 [main] INFO  o.s.d.r.config.RepositoryConfigurationDelegate - Finished Spring Data repository scanning in 5 ms. Found 0 Redis repository interfaces.
2023-08-31 19:27:42.793 [main] INFO  o.s.boot.web.embedded.tomcat.TomcatWebServer - Tomcat initialized with port(s): 8898 (http)
2023-08-31 19:27:42.802 [main] INFO  org.apache.coyote.http11.Http11NioProtocol - Initializing ProtocolHandler ["http-nio-8898"]
2023-08-31 19:27:42.804 [main] INFO  org.apache.catalina.core.StandardService - Starting service [Tomcat]
2023-08-31 19:27:42.804 [main] INFO  org.apache.catalina.core.StandardEngine - Starting Servlet engine: [Apache Tomcat/10.1.12]
2023-08-31 19:27:42.896 [main] INFO  o.a.c.core.ContainerBase.[Tomcat].[localhost].[/] - Initializing Spring embedded WebApplicationContext
2023-08-31 19:27:42.896 [main] INFO  o.s.b.w.s.c.ServletWebServerApplicationContext - Root WebApplicationContext: initialization completed in 1179 ms
2023-08-31 19:27:43.233 [main] INFO  org.apache.catalina.core.StandardService - Stopping service [Tomcat]
2023-08-31 19:28:40.439 [main] INFO  io.github.vino42.SpringbootRedisApplication - Starting SpringbootRedisApplication using Java 17.0.2 with PID 9576 (G:\Codes\SpringBoot-Learning\springboot-redis\target\classes started by vino in G:\Codes\SpringBoot-Learning\springboot-redis)
2023-08-31 19:28:40.441 [main] INFO  io.github.vino42.SpringbootRedisApplication - No active profile set, falling back to 1 default profile: "default"
2023-08-31 19:28:40.990 [main] INFO  o.s.d.r.config.RepositoryConfigurationDelegate - Multiple Spring Data modules found, entering strict repository configuration mode
2023-08-31 19:28:40.992 [main] INFO  o.s.d.r.config.RepositoryConfigurationDelegate - Bootstrapping Spring Data Redis repositories in DEFAULT mode.
2023-08-31 19:28:41.020 [main] INFO  o.s.d.r.config.RepositoryConfigurationDelegate - Finished Spring Data repository scanning in 5 ms. Found 0 Redis repository interfaces.
2023-08-31 19:28:41.491 [main] INFO  o.s.boot.web.embedded.tomcat.TomcatWebServer - Tomcat initialized with port(s): 8898 (http)
2023-08-31 19:28:41.500 [main] INFO  org.apache.coyote.http11.Http11NioProtocol - Initializing ProtocolHandler ["http-nio-8898"]
2023-08-31 19:28:41.502 [main] INFO  org.apache.catalina.core.StandardService - Starting service [Tomcat]
2023-08-31 19:28:41.502 [main] INFO  org.apache.catalina.core.StandardEngine - Starting Servlet engine: [Apache Tomcat/10.1.12]
2023-08-31 19:28:41.590 [main] INFO  o.a.c.core.ContainerBase.[Tomcat].[localhost].[/] - Initializing Spring embedded WebApplicationContext
2023-08-31 19:28:41.591 [main] INFO  o.s.b.w.s.c.ServletWebServerApplicationContext - Root WebApplicationContext: initialization completed in 1106 ms
2023-08-31 19:28:41.924 [main] INFO  org.apache.catalina.core.StandardService - Stopping service [Tomcat]
2023-08-31 19:30:37.910 [main] INFO  io.github.vino42.SpringbootRedisApplication - Starting SpringbootRedisApplication using Java 17.0.2 with PID 20252 (G:\Codes\SpringBoot-Learning\springboot-redis\target\classes started by vino in G:\Codes\SpringBoot-Learning\springboot-redis)
2023-08-31 19:30:37.912 [main] INFO  io.github.vino42.SpringbootRedisApplication - No active profile set, falling back to 1 default profile: "default"
2023-08-31 19:30:38.429 [main] INFO  o.s.d.r.config.RepositoryConfigurationDelegate - Multiple Spring Data modules found, entering strict repository configuration mode
2023-08-31 19:30:38.431 [main] INFO  o.s.d.r.config.RepositoryConfigurationDelegate - Bootstrapping Spring Data Redis repositories in DEFAULT mode.
2023-08-31 19:30:38.457 [main] INFO  o.s.d.r.config.RepositoryConfigurationDelegate - Finished Spring Data repository scanning in 3 ms. Found 0 Redis repository interfaces.
2023-08-31 19:30:38.891 [main] INFO  o.s.boot.web.embedded.tomcat.TomcatWebServer - Tomcat initialized with port(s): 8898 (http)
2023-08-31 19:30:38.900 [main] INFO  org.apache.coyote.http11.Http11NioProtocol - Initializing ProtocolHandler ["http-nio-8898"]
2023-08-31 19:30:38.902 [main] INFO  org.apache.catalina.core.StandardService - Starting service [Tomcat]
2023-08-31 19:30:38.902 [main] INFO  org.apache.catalina.core.StandardEngine - Starting Servlet engine: [Apache Tomcat/10.1.12]
2023-08-31 19:30:38.998 [main] INFO  o.a.c.core.ContainerBase.[Tomcat].[localhost].[/] - Initializing Spring embedded WebApplicationContext
2023-08-31 19:30:38.998 [main] INFO  o.s.b.w.s.c.ServletWebServerApplicationContext - Root WebApplicationContext: initialization completed in 1040 ms
2023-08-31 19:30:39.867 [main] INFO  org.apache.coyote.http11.Http11NioProtocol - Starting ProtocolHandler ["http-nio-8898"]
2023-08-31 19:30:39.890 [main] INFO  o.s.boot.web.embedded.tomcat.TomcatWebServer - Tomcat started on port(s): 8898 (http) with context path ''
2023-08-31 19:30:39.912 [main] INFO  io.github.vino42.SpringbootRedisApplication - Started SpringbootRedisApplication in 2.52 seconds (process running for 3.113)
2023-08-31 19:35:07.207 [main] INFO  io.github.vino42.SpringbootRedisApplication - Starting SpringbootRedisApplication using Java 17.0.2 with PID 15456 (G:\Codes\SpringBoot-Learning\springboot-redis\target\classes started by vino in G:\Codes\SpringBoot-Learning\springboot-redis)
2023-08-31 19:35:07.209 [main] INFO  io.github.vino42.SpringbootRedisApplication - No active profile set, falling back to 1 default profile: "default"
2023-08-31 19:35:07.752 [main] INFO  o.s.d.r.config.RepositoryConfigurationDelegate - Multiple Spring Data modules found, entering strict repository configuration mode
2023-08-31 19:35:07.755 [main] INFO  o.s.d.r.config.RepositoryConfigurationDelegate - Bootstrapping Spring Data Redis repositories in DEFAULT mode.
2023-08-31 19:35:07.782 [main] INFO  o.s.d.r.config.RepositoryConfigurationDelegate - Finished Spring Data repository scanning in 4 ms. Found 0 Redis repository interfaces.
2023-08-31 19:35:08.259 [main] INFO  o.s.boot.web.embedded.tomcat.TomcatWebServer - Tomcat initialized with port(s): 8898 (http)
2023-08-31 19:35:08.268 [main] INFO  org.apache.coyote.http11.Http11NioProtocol - Initializing ProtocolHandler ["http-nio-8898"]
2023-08-31 19:35:08.269 [main] INFO  org.apache.catalina.core.StandardService - Starting service [Tomcat]
2023-08-31 19:35:08.270 [main] INFO  org.apache.catalina.core.StandardEngine - Starting Servlet engine: [Apache Tomcat/10.1.12]
2023-08-31 19:35:08.364 [main] INFO  o.a.c.core.ContainerBase.[Tomcat].[localhost].[/] - Initializing Spring embedded WebApplicationContext
2023-08-31 19:35:08.365 [main] INFO  o.s.b.w.s.c.ServletWebServerApplicationContext - Root WebApplicationContext: initialization completed in 1110 ms
2023-08-31 19:35:09.166 [main] INFO  org.apache.coyote.http11.Http11NioProtocol - Starting ProtocolHandler ["http-nio-8898"]
2023-08-31 19:35:09.184 [main] INFO  o.s.boot.web.embedded.tomcat.TomcatWebServer - Tomcat started on port(s): 8898 (http) with context path ''
2023-08-31 19:35:09.199 [main] INFO  io.github.vino42.SpringbootRedisApplication - Started SpringbootRedisApplication in 2.57 seconds (process running for 3.221)
2023-08-31 19:41:59.850 [main] INFO  io.github.vino42.SpringbootRedisApplication - Starting SpringbootRedisApplication using Java 17.0.2 with PID 15036 (G:\Codes\SpringBoot-Learning\springboot-redis\target\classes started by vino in G:\Codes\SpringBoot-Learning\springboot-redis)
2023-08-31 19:41:59.853 [main] INFO  io.github.vino42.SpringbootRedisApplication - No active profile set, falling back to 1 default profile: "default"
2023-08-31 19:42:00.438 [main] INFO  o.s.d.r.config.RepositoryConfigurationDelegate - Multiple Spring Data modules found, entering strict repository configuration mode
2023-08-31 19:42:00.441 [main] INFO  o.s.d.r.config.RepositoryConfigurationDelegate - Bootstrapping Spring Data Redis repositories in DEFAULT mode.
2023-08-31 19:42:00.469 [main] INFO  o.s.d.r.config.RepositoryConfigurationDelegate - Finished Spring Data repository scanning in 4 ms. Found 0 Redis repository interfaces.
2023-08-31 19:42:00.962 [main] INFO  o.s.boot.web.embedded.tomcat.TomcatWebServer - Tomcat initialized with port(s): 8898 (http)
2023-08-31 19:42:00.970 [main] INFO  org.apache.coyote.http11.Http11NioProtocol - Initializing ProtocolHandler ["http-nio-8898"]
2023-08-31 19:42:00.971 [main] INFO  org.apache.catalina.core.StandardService - Starting service [Tomcat]
2023-08-31 19:42:00.972 [main] INFO  org.apache.catalina.core.StandardEngine - Starting Servlet engine: [Apache Tomcat/10.1.12]
2023-08-31 19:42:01.057 [main] INFO  o.a.c.core.ContainerBase.[Tomcat].[localhost].[/] - Initializing Spring embedded WebApplicationContext
2023-08-31 19:42:01.057 [main] INFO  o.s.b.w.s.c.ServletWebServerApplicationContext - Root WebApplicationContext: initialization completed in 1152 ms
2023-08-31 19:42:01.966 [main] INFO  org.apache.coyote.http11.Http11NioProtocol - Starting ProtocolHandler ["http-nio-8898"]
2023-08-31 19:42:01.991 [main] INFO  o.s.boot.web.embedded.tomcat.TomcatWebServer - Tomcat started on port(s): 8898 (http) with context path ''
2023-08-31 19:42:02.005 [main] INFO  io.github.vino42.SpringbootRedisApplication - Started SpringbootRedisApplication in 2.737 seconds (process running for 3.384)
2023-08-31 19:43:21.927 [main] INFO  io.github.vino42.SpringbootRedisApplication - Starting SpringbootRedisApplication using Java 17.0.2 with PID 16228 (G:\Codes\SpringBoot-Learning\springboot-redis\target\classes started by vino in G:\Codes\SpringBoot-Learning\springboot-redis)
2023-08-31 19:43:21.929 [main] INFO  io.github.vino42.SpringbootRedisApplication - No active profile set, falling back to 1 default profile: "default"
2023-08-31 19:43:22.504 [main] INFO  o.s.d.r.config.RepositoryConfigurationDelegate - Multiple Spring Data modules found, entering strict repository configuration mode
2023-08-31 19:43:22.507 [main] INFO  o.s.d.r.config.RepositoryConfigurationDelegate - Bootstrapping Spring Data Redis repositories in DEFAULT mode.
2023-08-31 19:43:22.535 [main] INFO  o.s.d.r.config.RepositoryConfigurationDelegate - Finished Spring Data repository scanning in 4 ms. Found 0 Redis repository interfaces.
2023-08-31 19:43:23.002 [main] INFO  o.s.boot.web.embedded.tomcat.TomcatWebServer - Tomcat initialized with port(s): 8888 (http)
2023-08-31 19:43:23.012 [main] INFO  org.apache.coyote.http11.Http11NioProtocol - Initializing ProtocolHandler ["http-nio-8888"]
2023-08-31 19:43:23.015 [main] INFO  org.apache.catalina.core.StandardService - Starting service [Tomcat]
2023-08-31 19:43:23.015 [main] INFO  org.apache.catalina.core.StandardEngine - Starting Servlet engine: [Apache Tomcat/10.1.12]
2023-08-31 19:43:23.110 [main] INFO  o.a.c.core.ContainerBase.[Tomcat].[localhost].[/] - Initializing Spring embedded WebApplicationContext
2023-08-31 19:43:23.110 [main] INFO  o.s.b.w.s.c.ServletWebServerApplicationContext - Root WebApplicationContext: initialization completed in 1137 ms
2023-08-31 19:43:23.995 [main] INFO  org.apache.coyote.http11.Http11NioProtocol - Starting ProtocolHandler ["http-nio-8888"]
2023-08-31 19:43:24.018 [main] INFO  o.s.boot.web.embedded.tomcat.TomcatWebServer - Tomcat started on port(s): 8888 (http) with context path ''
2023-08-31 19:43:24.030 [main] INFO  io.github.vino42.SpringbootRedisApplication - Started SpringbootRedisApplication in 2.751 seconds (process running for 3.397)
2023-08-31 19:45:32.428 [http-nio-8888-exec-2] INFO  o.a.c.core.ContainerBase.[Tomcat].[localhost].[/] - Initializing Spring DispatcherServlet 'dispatcherServlet'
2023-08-31 19:45:32.428 [http-nio-8888-exec-2] INFO  org.springframework.web.servlet.DispatcherServlet - Initializing Servlet 'dispatcherServlet'
2023-08-31 19:45:32.429 [http-nio-8888-exec-2] INFO  org.springframework.web.servlet.DispatcherServlet - Completed initialization in 1 ms
2023-08-31 19:47:56.726 [main] INFO  io.github.vino42.SpringbootRedisApplication - Starting SpringbootRedisApplication using Java 17.0.2 with PID 9852 (G:\Codes\SpringBoot-Learning\springboot-redis\target\classes started by vino in G:\Codes\SpringBoot-Learning\springboot-redis)
2023-08-31 19:47:56.729 [main] INFO  io.github.vino42.SpringbootRedisApplication - No active profile set, falling back to 1 default profile: "default"
2023-08-31 19:47:57.267 [main] INFO  o.s.d.r.config.RepositoryConfigurationDelegate - Multiple Spring Data modules found, entering strict repository configuration mode
2023-08-31 19:47:57.270 [main] INFO  o.s.d.r.config.RepositoryConfigurationDelegate - Bootstrapping Spring Data Redis repositories in DEFAULT mode.
2023-08-31 19:47:57.297 [main] INFO  o.s.d.r.config.RepositoryConfigurationDelegate - Finished Spring Data repository scanning in 5 ms. Found 0 Redis repository interfaces.
2023-08-31 19:47:57.756 [main] INFO  o.s.boot.web.embedded.tomcat.TomcatWebServer - Tomcat initialized with port(s): 8888 (http)
2023-08-31 19:47:57.765 [main] INFO  org.apache.coyote.http11.Http11NioProtocol - Initializing ProtocolHandler ["http-nio-8888"]
2023-08-31 19:47:57.767 [main] INFO  org.apache.catalina.core.StandardService - Starting service [Tomcat]
2023-08-31 19:47:57.767 [main] INFO  org.apache.catalina.core.StandardEngine - Starting Servlet engine: [Apache Tomcat/10.1.12]
2023-08-31 19:47:57.851 [main] INFO  o.a.c.core.ContainerBase.[Tomcat].[localhost].[/] - Initializing Spring embedded WebApplicationContext
2023-08-31 19:47:57.852 [main] INFO  o.s.b.w.s.c.ServletWebServerApplicationContext - Root WebApplicationContext: initialization completed in 1077 ms
2023-08-31 19:47:58.149 [main] INFO  org.apache.catalina.core.StandardService - Stopping service [Tomcat]
2023-08-31 19:49:33.607 [main] INFO  io.github.vino42.SpringbootRedisApplication - Starting SpringbootRedisApplication using Java 17.0.2 with PID 11948 (G:\Codes\SpringBoot-Learning\springboot-redis\target\classes started by vino in G:\Codes\SpringBoot-Learning\springboot-redis)
2023-08-31 19:49:33.610 [main] INFO  io.github.vino42.SpringbootRedisApplication - No active profile set, falling back to 1 default profile: "default"
2023-08-31 19:49:34.136 [main] INFO  o.s.d.r.config.RepositoryConfigurationDelegate - Multiple Spring Data modules found, entering strict repository configuration mode
2023-08-31 19:49:34.139 [main] INFO  o.s.d.r.config.RepositoryConfigurationDelegate - Bootstrapping Spring Data Redis repositories in DEFAULT mode.
2023-08-31 19:49:34.166 [main] INFO  o.s.d.r.config.RepositoryConfigurationDelegate - Finished Spring Data repository scanning in 4 ms. Found 0 Redis repository interfaces.
2023-08-31 19:49:34.605 [main] INFO  o.s.boot.web.embedded.tomcat.TomcatWebServer - Tomcat initialized with port(s): 8888 (http)
2023-08-31 19:49:34.613 [main] INFO  org.apache.coyote.http11.Http11NioProtocol - Initializing ProtocolHandler ["http-nio-8888"]
2023-08-31 19:49:34.615 [main] INFO  org.apache.catalina.core.StandardService - Starting service [Tomcat]
2023-08-31 19:49:34.615 [main] INFO  org.apache.catalina.core.StandardEngine - Starting Servlet engine: [Apache Tomcat/10.1.12]
2023-08-31 19:49:34.705 [main] INFO  o.a.c.core.ContainerBase.[Tomcat].[localhost].[/] - Initializing Spring embedded WebApplicationContext
2023-08-31 19:49:34.706 [main] INFO  o.s.b.w.s.c.ServletWebServerApplicationContext - Root WebApplicationContext: initialization completed in 1046 ms
2023-08-31 19:49:35.481 [main] INFO  org.apache.coyote.http11.Http11NioProtocol - Starting ProtocolHandler ["http-nio-8888"]
2023-08-31 19:49:35.501 [main] INFO  o.s.boot.web.embedded.tomcat.TomcatWebServer - Tomcat started on port(s): 8888 (http) with context path ''
2023-08-31 19:49:35.513 [main] INFO  io.github.vino42.SpringbootRedisApplication - Started SpringbootRedisApplication in 2.427 seconds (process running for 3.036)
2023-08-31 19:50:50.303 [http-nio-8888-exec-1] INFO  o.a.c.core.ContainerBase.[Tomcat].[localhost].[/] - Initializing Spring DispatcherServlet 'dispatcherServlet'
2023-08-31 19:50:50.304 [http-nio-8888-exec-1] INFO  org.springframework.web.servlet.DispatcherServlet - Initializing Servlet 'dispatcherServlet'
2023-08-31 19:50:50.305 [http-nio-8888-exec-1] INFO  org.springframework.web.servlet.DispatcherServlet - Completed initialization in 1 ms
